<?xml version="1.0" encoding="UTF-8"?>
<!-- Generated by org.testng.reporters.JUnitXMLReporter -->
<testsuite ignored="0" hostname="LATITUDE" failures="0" tests="6" name="Test" time="23.983" errors="0" timestamp="2025-06-08T22:08:04 IST">
  <testcase classname="testSuite.API_TestSuite" name="verifyPostCall" time="6.986"/>
  <testcase classname="testSuite.API_TestSuite" name="verifyGetCall" time="3.072"/>
  <testcase classname="testSuite.API_TestSuite" name="verifyGetAllBookingIds" time="3.56"/>
  <testcase classname="testSuite.API_TestSuite" name="verifyPutCall" time="2.931"/>
  <testcase classname="testSuite.API_TestSuite" name="verifyPatchCall" time="4.041"/>
  <testcase classname="testSuite.API_TestSuite" name="verifyDeleteCall" time="2.677"/>
</testsuite> <!-- Test -->
