<?xml version="1.0" encoding="UTF-8"?>
<!-- Generated by org.testng.reporters.JUnitXMLReporter -->
<testsuite ignored="0" hostname="LATITUDE" failures="5" tests="5" name="Test" time="0.049" errors="0" timestamp="2025-06-08T19:42:38 IST">
  <testcase classname="basePack.BaseClass" name="@BeforeSuite inItTest" time="0.029">
    <failure type="java.lang.NullPointerException" message="Cannot invoke &amp;quot;com.aventstack.extentreports.ExtentTest.log(com.aventstack.extentreports.Status, String)&amp;quot; because &amp;quot;utilities.ExtentReportsHelper.extentTest&amp;quot; is null">
      <![CDATA[java.lang.NullPointerException: Cannot invoke "com.aventstack.extentreports.ExtentTest.log(com.aventstack.extentreports.Status, String)" because "utilities.ExtentReportsHelper.extentTest" is null
at utilities.ExtentReportsHelper.LogFail(ExtentReportsHelper.java:50)
at utilities.XMLHelper.writeNode(XMLHelper.java:90)
at basePack.BaseClass.inItTest(BaseClass.java:172)
... Removed 17 stack frames]]>
    </failure>
  </testcase> <!-- @BeforeSuite inItTest -->
  <testcase classname="testSuite.API_TestSuite" name="verifyPostCall" time="0.009">
    <failure type="java.lang.NullPointerException" message="Cannot invoke &amp;quot;com.aventstack.extentreports.ExtentTest.log(com.aventstack.extentreports.Status, String)&amp;quot; because &amp;quot;utilities.ExtentReportsHelper.extentTest&amp;quot; is null">
      <![CDATA[java.lang.NullPointerException: Cannot invoke "com.aventstack.extentreports.ExtentTest.log(com.aventstack.extentreports.Status, String)" because "utilities.ExtentReportsHelper.extentTest" is null
at utilities.ExtentReportsHelper.LogInfo(ExtentReportsHelper.java:35)
at utilities.ListenersClass.onTestStart(ListenersClass.java:24)
at java.base/java.util.ArrayList.forEach(ArrayList.java:1596)
... Removed 25 stack frames]]>
    </failure>
  </testcase> <!-- verifyPostCall -->
  <testcase classname="testSuite.API_TestSuite" name="verifyGetCall" time="0.0">
    <failure type="java.lang.NullPointerException" message="Cannot invoke &amp;quot;com.aventstack.extentreports.ExtentTest.log(com.aventstack.extentreports.Status, String)&amp;quot; because &amp;quot;utilities.ExtentReportsHelper.extentTest&amp;quot; is null">
      <![CDATA[java.lang.NullPointerException: Cannot invoke "com.aventstack.extentreports.ExtentTest.log(com.aventstack.extentreports.Status, String)" because "utilities.ExtentReportsHelper.extentTest" is null
at utilities.ExtentReportsHelper.LogInfo(ExtentReportsHelper.java:35)
at utilities.ListenersClass.onTestStart(ListenersClass.java:24)
at java.base/java.util.ArrayList.forEach(ArrayList.java:1596)
... Removed 25 stack frames]]>
    </failure>
  </testcase> <!-- verifyGetCall -->
  <testcase classname="testSuite.API_TestSuite" name="verifyPutCall" time="0.002">
    <failure type="java.lang.NullPointerException" message="Cannot invoke &amp;quot;com.aventstack.extentreports.ExtentTest.log(com.aventstack.extentreports.Status, String)&amp;quot; because &amp;quot;utilities.ExtentReportsHelper.extentTest&amp;quot; is null">
      <![CDATA[java.lang.NullPointerException: Cannot invoke "com.aventstack.extentreports.ExtentTest.log(com.aventstack.extentreports.Status, String)" because "utilities.ExtentReportsHelper.extentTest" is null
at utilities.ExtentReportsHelper.LogInfo(ExtentReportsHelper.java:35)
at utilities.ListenersClass.onTestStart(ListenersClass.java:24)
at java.base/java.util.ArrayList.forEach(ArrayList.java:1596)
... Removed 25 stack frames]]>
    </failure>
  </testcase> <!-- verifyPutCall -->
  <testcase classname="testSuite.API_TestSuite" name="verifyPatchCall" time="0.001">
    <failure type="java.lang.NullPointerException" message="Cannot invoke &amp;quot;com.aventstack.extentreports.ExtentTest.log(com.aventstack.extentreports.Status, String)&amp;quot; because &amp;quot;utilities.ExtentReportsHelper.extentTest&amp;quot; is null">
      <![CDATA[java.lang.NullPointerException: Cannot invoke "com.aventstack.extentreports.ExtentTest.log(com.aventstack.extentreports.Status, String)" because "utilities.ExtentReportsHelper.extentTest" is null
at utilities.ExtentReportsHelper.LogInfo(ExtentReportsHelper.java:35)
at utilities.ListenersClass.onTestStart(ListenersClass.java:24)
at java.base/java.util.ArrayList.forEach(ArrayList.java:1596)
... Removed 25 stack frames]]>
    </failure>
  </testcase> <!-- verifyPatchCall -->
  <testcase classname="testSuite.API_TestSuite" name="verifyDeleteCall" time="0.001">
    <failure type="java.lang.NullPointerException" message="Cannot invoke &amp;quot;com.aventstack.extentreports.ExtentTest.log(com.aventstack.extentreports.Status, String)&amp;quot; because &amp;quot;utilities.ExtentReportsHelper.extentTest&amp;quot; is null">
      <![CDATA[java.lang.NullPointerException: Cannot invoke "com.aventstack.extentreports.ExtentTest.log(com.aventstack.extentreports.Status, String)" because "utilities.ExtentReportsHelper.extentTest" is null
at utilities.ExtentReportsHelper.LogInfo(ExtentReportsHelper.java:35)
at utilities.ListenersClass.onTestStart(ListenersClass.java:24)
at java.base/java.util.ArrayList.forEach(ArrayList.java:1596)
... Removed 25 stack frames]]>
    </failure>
  </testcase> <!-- verifyDeleteCall -->
</testsuite> <!-- Test -->
