<?xml version="1.0" encoding="UTF-8"?>
<!-- Generated by org.testng.reporters.JUnitXMLReporter -->
<testsuite ignored="0" hostname="LATITUDE" failures="0" tests="6" name="Default test" time="26.813" errors="0" timestamp="2025-06-08T20:15:42 IST">
  <testcase classname="testSuite.API_TestSuite" name="verifyPostCall" time="10.012"/>
  <testcase classname="testSuite.API_TestSuite" name="verifyGetCall" time="3.542"/>
  <testcase classname="testSuite.API_TestSuite" name="verifyGetAllBookingIds" time="3.471"/>
  <testcase classname="testSuite.API_TestSuite" name="verifyPutCall" time="2.9"/>
  <testcase classname="testSuite.API_TestSuite" name="verifyPatchCall" time="3.024"/>
  <testcase classname="testSuite.API_TestSuite" name="verifyDeleteCall" time="3.069"/>
</testsuite> <!-- Default test -->
