<?xml version="1.0" encoding="UTF-8"?>
<!-- Generated by org.testng.reporters.JUnitXMLReporter -->
<testsuite ignored="0" hostname="LATITUDE" failures="0" tests="5" name="Default test" time="20.012" errors="0" timestamp="2025-06-08T20:05:26 IST">
  <testcase classname="testSuite.API_TestSuite" name="verifyPostCall" time="6.86"/>
  <testcase classname="testSuite.API_TestSuite" name="verifyGetCall" time="3.361"/>
  <testcase classname="testSuite.API_TestSuite" name="verifyPutCall" time="3.053"/>
  <testcase classname="testSuite.API_TestSuite" name="verifyPatchCall" time="2.952"/>
  <testcase classname="testSuite.API_TestSuite" name="verifyDeleteCall" time="3.019"/>
</testsuite> <!-- Default test -->
