<?xml version="1.0" encoding="UTF-8"?>
<testng-results ignored="0" total="1" passed="1" failed="0" skipped="0">
  <reporter-output>
  </reporter-output>
  <suite started-at="2025-05-30T18:11:58 IST" name="Default suite" finished-at="2025-05-30T18:12:04 IST" duration-ms="5583">
    <groups>
    </groups>
    <test started-at="2025-05-30T18:11:58 IST" name="Default test" finished-at="2025-05-30T18:12:04 IST" duration-ms="5583">
      <class name="testpack2.GetCalls">
        <test-method signature="getBookingDetailsById()[pri:0, instance:testpack2.GetCalls@72967906]" started-at="2025-05-30T18:11:58 IST" name="getBookingDetailsById" finished-at="2025-05-30T18:12:04 IST" duration-ms="5540" status="PASS">
          <reporter-output>
          </reporter-output>
        </test-method> <!-- getBookingDetailsById -->
      </class> <!-- testpack2.GetCalls -->
    </test> <!-- Default test -->
  </suite> <!-- Default suite -->
</testng-results>
