<?xml version="1.0" encoding="UTF-8"?>
<testng-results ignored="0" total="5" passed="5" failed="0" skipped="0">
  <reporter-output>
  </reporter-output>
  <suite started-at="2025-06-08T20:05:06 IST" name="Default suite" finished-at="2025-06-08T20:05:26 IST" duration-ms="20012">
    <groups>
    </groups>
    <test started-at="2025-06-08T20:05:06 IST" name="Default test" finished-at="2025-06-08T20:05:26 IST" duration-ms="20012">
      <class name="testSuite.API_TestSuite">
        <test-method is-config="true" signature="inItTest()[pri:0, instance:testSuite.API_TestSuite@3c41ed1d]" started-at="2025-06-08T20:05:05 IST" name="inItTest" finished-at="2025-06-08T20:05:06 IST" duration-ms="659" status="PASS">
          <reporter-output>
          </reporter-output>
        </test-method> <!-- inItTest -->
        <test-method signature="verifyPostCall()[pri:1, instance:testSuite.API_TestSuite@3c41ed1d]" started-at="2025-06-08T20:05:06 IST" name="verifyPostCall" finished-at="2025-06-08T20:05:13 IST" duration-ms="6860" status="PASS">
          <reporter-output>
          </reporter-output>
        </test-method> <!-- verifyPostCall -->
        <test-method is-config="true" signature="tearDown()[pri:0, instance:testSuite.API_TestSuite@3c41ed1d]" started-at="2025-06-08T20:05:13 IST" name="tearDown" finished-at="2025-06-08T20:05:13 IST" duration-ms="408" status="PASS">
          <reporter-output>
          </reporter-output>
        </test-method> <!-- tearDown -->
        <test-method signature="verifyGetCall()[pri:2, instance:testSuite.API_TestSuite@3c41ed1d]" started-at="2025-06-08T20:05:13 IST" name="verifyGetCall" finished-at="2025-06-08T20:05:17 IST" duration-ms="3361" status="PASS">
          <reporter-output>
          </reporter-output>
        </test-method> <!-- verifyGetCall -->
        <test-method is-config="true" signature="tearDown()[pri:0, instance:testSuite.API_TestSuite@3c41ed1d]" started-at="2025-06-08T20:05:17 IST" name="tearDown" finished-at="2025-06-08T20:05:17 IST" duration-ms="38" status="PASS">
          <reporter-output>
          </reporter-output>
        </test-method> <!-- tearDown -->
        <test-method signature="verifyPutCall()[pri:3, instance:testSuite.API_TestSuite@3c41ed1d]" started-at="2025-06-08T20:05:17 IST" name="verifyPutCall" finished-at="2025-06-08T20:05:20 IST" duration-ms="3053" status="PASS">
          <reporter-output>
          </reporter-output>
        </test-method> <!-- verifyPutCall -->
        <test-method is-config="true" signature="tearDown()[pri:0, instance:testSuite.API_TestSuite@3c41ed1d]" started-at="2025-06-08T20:05:20 IST" name="tearDown" finished-at="2025-06-08T20:05:20 IST" duration-ms="97" status="PASS">
          <reporter-output>
          </reporter-output>
        </test-method> <!-- tearDown -->
        <test-method signature="verifyPatchCall()[pri:4, instance:testSuite.API_TestSuite@3c41ed1d]" started-at="2025-06-08T20:05:20 IST" name="verifyPatchCall" finished-at="2025-06-08T20:05:23 IST" duration-ms="2952" status="PASS">
          <reporter-output>
          </reporter-output>
        </test-method> <!-- verifyPatchCall -->
        <test-method is-config="true" signature="tearDown()[pri:0, instance:testSuite.API_TestSuite@3c41ed1d]" started-at="2025-06-08T20:05:23 IST" name="tearDown" finished-at="2025-06-08T20:05:23 IST" duration-ms="50" status="PASS">
          <reporter-output>
          </reporter-output>
        </test-method> <!-- tearDown -->
        <test-method signature="verifyDeleteCall()[pri:5, instance:testSuite.API_TestSuite@3c41ed1d]" started-at="2025-06-08T20:05:23 IST" name="verifyDeleteCall" finished-at="2025-06-08T20:05:26 IST" duration-ms="3019" status="PASS">
          <reporter-output>
          </reporter-output>
        </test-method> <!-- verifyDeleteCall -->
        <test-method is-config="true" signature="tearDown()[pri:0, instance:testSuite.API_TestSuite@3c41ed1d]" started-at="2025-06-08T20:05:26 IST" name="tearDown" finished-at="2025-06-08T20:05:26 IST" duration-ms="82" status="PASS">
          <reporter-output>
          </reporter-output>
        </test-method> <!-- tearDown -->
      </class> <!-- testSuite.API_TestSuite -->
    </test> <!-- Default test -->
  </suite> <!-- Default suite -->
</testng-results>
